<?xml version="1.0" encoding="UTF-8"?>
<testng-results ignored="0" total="1" passed="1" failed="0" skipped="0">
  <reporter-output>
  </reporter-output>
  <suite started-at="2021-07-25T06:50:16Z" name="Suite" finished-at="2021-07-25T06:51:10Z" duration-ms="53452">
    <groups>
    </groups>
    <test started-at="2021-07-25T06:50:16Z" name="Test" finished-at="2021-07-25T06:51:10Z" duration-ms="53452">
      <class name="com.demowebshop.testcases.LoginTest">
        <test-method is-config="true" signature="setUp()[pri:0, instance:com.demowebshop.testcases.LoginTest@5552768b]" started-at="2021-07-25T06:49:50Z" name="setUp" finished-at="2021-07-25T06:50:16Z" duration-ms="25775" status="PASS">
          <reporter-output>
          </reporter-output>
        </test-method> <!-- setUp -->
        <test-method signature="LoginTest()[pri:0, instance:com.demowebshop.testcases.LoginTest@5552768b]" started-at="2021-07-25T06:50:16Z" name="LoginTest" finished-at="2021-07-25T06:50:16Z" duration-ms="47" status="PASS">
          <reporter-output>
          </reporter-output>
        </test-method> <!-- LoginTest -->
        <test-method is-config="true" signature="tearDown()[pri:0, instance:com.demowebshop.testcases.LoginTest@5552768b]" started-at="2021-07-25T06:51:15Z" name="tearDown" finished-at="2021-07-25T06:51:21Z" duration-ms="5916" status="PASS">
          <reporter-output>
          </reporter-output>
        </test-method> <!-- tearDown -->
      </class> <!-- com.demowebshop.testcases.LoginTest -->
    </test> <!-- Test -->
  </suite> <!-- Suite -->
</testng-results>
